<?xml version="1.0" encoding="UTF-8" ?>
<testsuite errors="0" failures="0" hostname="nick-laiaconas-computer.local" name="org.nines.NinesStatementHandlerTest" tests="3" time="0.245" timestamp="2007-11-21T15:54:04">
  <properties>
    <property name="default.javac.source" value="1.5" />
    <property name="file.encoding.pkg" value="sun.io" />
    <property name="libs.jdbcsupport-designtime.javadoc" value="" />
    <property name="libs.toplink.maven-pom" value="" />
    <property name="javac.source" value="1.5" />
    <property name="libs.exceptionhandler-runtime.maven-pom" value="" />
    <property name="netbeans.system_http_proxy" value="DIRECT" />
    <property name="java.home" value="/System/Library/Frameworks/JavaVM.framework/Versions/1.5.0/Home" />
    <property name="test.src.dir" value="test" />
    <property name="libs.jaxws21.src" value="" />
    <property name="javadoc.version" value="false" />
    <property name="libs.CopyLibs.classpath" value="/Applications/NetBeans/NetBeans 6.0 Beta 2.app/Contents/Resources/NetBeans/java1/ant/extra/org-netbeans-modules-java-j2seproject-copylibstask.jar" />
    <property name="libs.javac-api.src" value="" />
    <property name="java.endorsed.dirs" value="/System/Library/Frameworks/JavaVM.framework/Versions/1.5.0/Home/lib/endorsed" />
    <property name="libs.junit.maven-pom" value="" />
    <property name="libs.jsf12.src" value="" />
    <property name="src.dir" value="src" />
    <property name="nbplatform.default.harness.dir" value="/Applications/NetBeans/NetBeans 6.0 Beta 2.app/Contents/Resources/NetBeans/harness" />
    <property name="debug-args-line" value="-Xdebug" />
    <property name="netbeans.hash.code" value="unique=0a6c5920a-9cff-4a28-af7f-f86ce7ba37ba" />
    <property name="build.sysclasspath" value="ignore" />
    <property name="have.sources" value="true" />
    <property name="includes" value="**" />
    <property name="source.encoding" value="UTF-8" />
    <property name="libs.jaxws21.classpath" value="/Applications/NetBeans/NetBeans 6.0 Beta 2.app/Contents/Resources/NetBeans/java1/modules/ext/jaxws21/activation.jar:/Applications/NetBeans/NetBeans 6.0 Beta 2.app/Contents/Resources/NetBeans/java1/modules/ext/jaxws21/FastInfoset.jar:/Applications/NetBeans/NetBeans 6.0 Beta 2.app/Contents/Resources/NetBeans/java1/modules/ext/jaxws21/http.jar:/Applications/NetBeans/NetBeans 6.0 Beta 2.app/Contents/Resources/NetBeans/java1/modules/ext/jaxws21/api/jaxb-api.jar:/Applications/NetBeans/NetBeans 6.0 Beta 2.app/Contents/Resources/NetBeans/java1/modules/ext/jaxws21/jaxb-impl.jar:/Applications/NetBeans/NetBeans 6.0 Beta 2.app/Contents/Resources/NetBeans/java1/modules/ext/jaxws21/jaxb-xjc.jar:/Applications/NetBeans/NetBeans 6.0 Beta 2.app/Contents/Resources/NetBeans/java1/modules/ext/jaxws21/api/jaxws-api.jar:/Applications/NetBeans/NetBeans 6.0 Beta 2.app/Contents/Resources/NetBeans/java1/modules/ext/jaxws21/jaxws-rt.jar:/Applications/NetBeans/NetBeans 6.0 Beta 2.app/Contents/Resources/NetBeans/java1/modules/ext/jaxws21/jaxws-tools.jar:/Applications/NetBeans/NetBeans 6.0 Beta 2.app/Contents/Resources/NetBeans/java1/modules/ext/jaxws21/api/jsr173_api.jar:/Applications/NetBeans/NetBeans 6.0 Beta 2.app/Contents/Resources/NetBeans/java1/modules/ext/jaxws21/api/jsr181-api.jar:/Applications/NetBeans/NetBeans 6.0 Beta 2.app/Contents/Resources/NetBeans/java1/modules/ext/jaxws21/api/jsr250-api.jar:/Applications/NetBeans/NetBeans 6.0 Beta 2.app/Contents/Resources/NetBeans/java1/modules/ext/jaxws21/api/saaj-api.jar:/Applications/NetBeans/NetBeans 6.0 Beta 2.app/Contents/Resources/NetBeans/java1/modules/ext/jaxws21/saaj-impl.jar:/Applications/NetBeans/NetBeans 6.0 Beta 2.app/Contents/Resources/NetBeans/java1/modules/ext/jaxws21/sjsxp.jar:/Applications/NetBeans/NetBeans 6.0 Beta 2.app/Contents/Resources/NetBeans/java1/modules/ext/jaxws21/stax-ex.jar:/Applications/NetBeans/NetBeans 6.0 Beta 2.app/Contents/Resources/NetBeans/java1/modules/ext/jaxws21/streambuffer.jar" />
    <property name="libs.swing-app-framework.javadoc" value="/Applications/NetBeans/NetBeans 6.0 Beta 2.app/Contents/Resources/NetBeans/java1/docs/appframework-1.0.2-doc.zip" />
    <property name="sun.os.patch.level" value="unknown" />
    <property name="java.vendor.url" value="http://apple.com/" />
    <property name="libs.exceptionhandler-runtime.javadoc" value="" />
    <property name="java.version" value="1.5.0_07" />
    <property name="file.reference.xerces-2_6_2.jar" value="/Users/nicklaiacona/Documents/code/rdf-indexer/lib/xerces-2_6_2.jar" />
    <property name="libs.jaxb21.javadoc" value="" />
    <property name="libs.woodstock-theme-default.classpath" value="/Applications/NetBeans/NetBeans 6.0 Beta 2.app/Contents/Resources/NetBeans/visualweb1/modules/ext/webui-jsf-suntheme.jar" />
    <property name="javac.debug" value="true" />
    <property name="org.openide.major.version" value="IDE/1" />
    <property name="run.classpath" value="/Users/nicklaiacona/Documents/code/rdf-indexer/lib/commons-codec-1.3.jar:/Users/nicklaiacona/Documents/code/rdf-indexer/lib/commons-httpclient-3.1-alpha1.jar:/Users/nicklaiacona/Documents/code/rdf-indexer/lib/commons-lang-2.1.jar:/Users/nicklaiacona/Documents/code/rdf-indexer/lib/commons-logging-api-1.0.4.jar:/Users/nicklaiacona/Documents/code/rdf-indexer/lib/concurrent-1.3.4.jar:/Users/nicklaiacona/Documents/code/rdf-indexer/lib/jakarta-oro-2.0.7.jar:/Users/nicklaiacona/Documents/code/rdf-indexer/lib/jdom.jar:/Users/nicklaiacona/Documents/code/rdf-indexer/lib/junit-3.8.1.jar:/Users/nicklaiacona/Documents/code/rdf-indexer/lib/log4j-1.2.8.jar:/Users/nicklaiacona/Documents/code/rdf-indexer/lib/openrdf-model.jar:/Users/nicklaiacona/Documents/code/rdf-indexer/lib/openrdf-util.jar:/Users/nicklaiacona/Documents/code/rdf-indexer/lib/rio.jar:/Users/nicklaiacona/Documents/code/rdf-indexer/lib/saxon8.jar:/Users/nicklaiacona/Documents/code/rdf-indexer/lib/sesame.jar:/Users/nicklaiacona/Documents/code/rdf-indexer/lib/solr.war:/Users/nicklaiacona/Documents/code/rdf-indexer/lib/xerces-2_6_2-apis.jar:/Users/nicklaiacona/Documents/code/rdf-indexer/lib/xerces-2_6_2.jar:/Users/nicklaiacona/Documents/code/rdf-indexer/lib/xmlrpc-2.0.jar:/Users/nicklaiacona/Documents/code/rdf-indexer/lib/xom-1.1.jar:build/classes" />
    <property name="java.vendor.url.bug" value="http://developer.apple.com/java/" />
    <property name="netbeans.autoupdate.variant" value="" />
    <property name="libs.jdbcsupport-designtime.maven-pom" value="" />
    <property name="libs.absolutelayout.javadoc" value="" />
    <property name="libs.junit_4.maven-pom" value="" />
    <property name="netbeans.buildnumber" value="200710212201" />
    <property name="file.reference.openrdf-model.jar" value="/Users/nicklaiacona/Documents/code/rdf-indexer/lib/openrdf-model.jar" />
    <property name="file.reference.xerces-2_6_2-apis.jar" value="/Users/nicklaiacona/Documents/code/rdf-indexer/lib/xerces-2_6_2-apis.jar" />
    <property name="libs.IdentityAntTasks.classpath" value="/Applications/NetBeans/NetBeans 6.0 Beta 2.app/Contents/Resources/NetBeans/identity1/ant/nblib/org-netbeans-modules-identity-ant.jar:/Applications/NetBeans/NetBeans 6.0 Beta 2.app/Contents/Resources/NetBeans/identity1/modules/org-netbeans-modules-identity-profile-api.jar" />
    <property name="libs.swing-app-framework.maven-pom" value="" />
    <property name="user.name" value="nicklaiacona" />
    <property name="libs.webui.src" value="/Applications/NetBeans/NetBeans 6.0 Beta 2.app/Contents/Resources/NetBeans/visualweb1/docs/webui-src.zip" />
    <property name="sun.io.unicode.encoding" value="UnicodeLittle" />
    <property name="libs.jstl11.maven-pom" value="" />
    <property name="sun.jnu.encoding" value="MacRoman" />
    <property name="java.runtime.name" value="Java(TM) 2 Runtime Environment, Standard Edition" />
    <property name="application.vendor" value="nicklaiacona" />
    <property name="jdk.home" value="/System/Library/Frameworks/JavaVM.framework/Versions/1.5/Home" />
    <property name="jspc.classpath" value="/Applications/NetBeans/NetBeans 6.0 Beta 2.app/Contents/Resources/NetBeans/java1/ant/lib/ant.jar:/Applications/NetBeans/NetBeans 6.0 Beta 2.app/Contents/Resources/NetBeans/enterprise4/modules/ext/servlet2.5-jsp2.1-api.jar:${j2ee.platform.classpath}:/Applications/NetBeans/NetBeans 6.0 Beta 2.app/Contents/Resources/NetBeans/enterprise4/modules/ext/glassfish-jspparser.jar:/Applications/NetBeans/NetBeans 6.0 Beta 2.app/Contents/Resources/NetBeans/enterprise4/modules/ext/glassfish-logging.jar:/Applications/NetBeans/NetBeans 6.0 Beta 2.app/Contents/Resources/NetBeans/ide8/modules/ext/commons-logging-1.0.4.jar:/Applications/NetBeans/NetBeans 6.0 Beta 2.app/Contents/Resources/NetBeans/java1/ant/lib/ant-launcher.jar" />
    <property name="file.reference.junit-3.8.1.jar" value="/Users/nicklaiacona/Documents/code/rdf-indexer/lib/junit-3.8.1.jar" />
    <property name="netbeans.autoupdate.version" value="1.23" />
    <property name="org.openide.TopManager" value="org.netbeans.core.NonGui" />
    <property name="file.reference.saxon8.jar" value="/Users/nicklaiacona/Documents/code/rdf-indexer/lib/saxon8.jar" />
    <property name="netbeans.dirs" value="/Applications/NetBeans/NetBeans 6.0 Beta 2.app/Contents/Resources/NetBeans/nb6.0:/Applications/NetBeans/NetBeans 6.0 Beta 2.app/Contents/Resources/NetBeans/ide8:/Applications/NetBeans/NetBeans 6.0 Beta 2.app/Contents/Resources/NetBeans/java1:/Applications/NetBeans/NetBeans 6.0 Beta 2.app/Contents/Resources/NetBeans/xml1:/Applications/NetBeans/NetBeans 6.0 Beta 2.app/Contents/Resources/NetBeans/apisupport1:/Applications/NetBeans/NetBeans 6.0 Beta 2.app/Contents/Resources/NetBeans/enterprise4:/Applications/NetBeans/NetBeans 6.0 Beta 2.app/Contents/Resources/NetBeans/profiler2:/Applications/NetBeans/NetBeans 6.0 Beta 2.app/Contents/Resources/NetBeans/ruby1:/Applications/NetBeans/NetBeans 6.0 Beta 2.app/Contents/Resources/NetBeans/visualweb1:/Applications/NetBeans/NetBeans 6.0 Beta 2.app/Contents/Resources/NetBeans/soa1:/Applications/NetBeans/NetBeans 6.0 Beta 2.app/Contents/Resources/NetBeans/identity1:/Applications/NetBeans/NetBeans 6.0 Beta 2.app/Contents/Resources/NetBeans/harness:/Applications/NetBeans/NetBeans 6.0 Beta 2.app/Contents/Resources/NetBeans/cnd1:" />
    <property name="java.specification.name" value="Java Platform API Specification" />
    <property name="file.reference.openrdf-util.jar" value="/Users/nicklaiacona/Documents/code/rdf-indexer/lib/openrdf-util.jar" />
    <property name="sun.awt.datatransfer.timeout" value="1000" />
    <property name="ant.file.rdf-indexer" value="/Users/nicklaiacona/Documents/code/rdf-indexer/build.xml" />
    <property name="javadoc.author" value="false" />
    <property name="user.timezone" value="" />
    <property name="libs.jsfsupport-runtime.classpath" value="/Applications/NetBeans/NetBeans 6.0 Beta 2.app/Contents/Resources/NetBeans/visualweb1/modules/ext/jsfcl.jar:/Applications/NetBeans/NetBeans 6.0 Beta 2.app/Contents/Resources/NetBeans/visualweb1/modules/ext/appbase.jar:/Applications/NetBeans/NetBeans 6.0 Beta 2.app/Contents/Resources/NetBeans/visualweb1/modules/ext/dataprovider.jar:/Applications/NetBeans/NetBeans 6.0 Beta 2.app/Contents/Resources/NetBeans/visualweb1/modules/ext/sqlx.jar" />
    <property name="netbeans.system_http_non_proxy_hosts" value="" />
    <property name="libs.swing-layout.maven-pom" value="" />
    <property name="libs.junit.javadoc" value="/Applications/NetBeans/NetBeans 6.0 Beta 2.app/Contents/Resources/NetBeans/java1/docs/junit-3.8.2-api.zip" />
    <property name="org.openide.specification.version" value="6.2" />
    <property name="path.separator" value=":" />
    <property name="file.reference.concurrent-1.3.4.jar" value="/Users/nicklaiacona/Documents/code/rdf-indexer/lib/concurrent-1.3.4.jar" />
    <property name="version-output" value="java version &quot;1.5" />
    <property name="rave.build" value="thresher-fcs" />
    <property name="libs.absolutelayout.classpath" value="/Applications/NetBeans/NetBeans 6.0 Beta 2.app/Contents/Resources/NetBeans/java1/modules/ext/AbsoluteLayout.jar" />
    <property name="file.reference.xmlrpc-2.0.jar" value="/Users/nicklaiacona/Documents/code/rdf-indexer/lib/xmlrpc-2.0.jar" />
    <property name="libs.jsfsupport-designtime.src" value="/Applications/NetBeans/NetBeans 6.0 Beta 2.app/Contents/Resources/NetBeans/visualweb1/docs/appbase-src.zip:/Applications/NetBeans/NetBeans 6.0 Beta 2.app/Contents/Resources/NetBeans/visualweb1/docs/dataprovider-src.zip:/Applications/NetBeans/NetBeans 6.0 Beta 2.app/Contents/Resources/NetBeans/visualweb1/docs/jsfcl-src.zip" />
    <property name="libs.woodstock-components.classpath" value="/Applications/NetBeans/NetBeans 6.0 Beta 2.app/Contents/Resources/NetBeans/visualweb1/modules/ext/webui-jsf.jar:/Applications/NetBeans/NetBeans 6.0 Beta 2.app/Contents/Resources/NetBeans/enterprise4/modules/ext/commons-fileupload-1.0.jar:/Applications/NetBeans/NetBeans 6.0 Beta 2.app/Contents/Resources/NetBeans/visualweb1/modules/ext/json-2.jar:/Applications/NetBeans/NetBeans 6.0 Beta 2.app/Contents/Resources/NetBeans/visualweb1/modules/ext/prototype-1.5.0.jar:/Applications/NetBeans/NetBeans 6.0 Beta 2.app/Contents/Resources/NetBeans/visualweb1/modules/ext/dojo-0.9.0.jar:/Applications/NetBeans/NetBeans 6.0 Beta 2.app/Contents/Resources/NetBeans/visualweb1/modules/ext/jsf-extensions-common-0.1.jar:/Applications/NetBeans/NetBeans 6.0 Beta 2.app/Contents/Resources/NetBeans/visualweb1/modules/ext/jsf-extensions-dynamic-faces-0.1.jar" />
    <property name="libs.jsf12-support.javadoc" value="/Applications/NetBeans/NetBeans 6.0 Beta 2.app/Contents/Resources/NetBeans/visualweb1/docs/appbase-doc.zip:/Applications/NetBeans/NetBeans 6.0 Beta 2.app/Contents/Resources/NetBeans/visualweb1/docs/dataprovider-doc.zip:/Applications/NetBeans/NetBeans 6.0 Beta 2.app/Contents/Resources/NetBeans/visualweb1/docs/jsfcl-doc.zip" />
    <property name="file.reference.jakarta-oro-2.0.7.jar" value="/Users/nicklaiacona/Documents/code/rdf-indexer/lib/jakarta-oro-2.0.7.jar" />
    <property name="netbeans.accept_license_class" value="org.netbeans.license.AcceptLicense" />
    <property name="file.encoding" value="MacRoman" />
    <property name="dist.javadoc.dir" value="dist/javadoc" />
    <property name="libs.jsf12-support.src" value="/Applications/NetBeans/NetBeans 6.0 Beta 2.app/Contents/Resources/NetBeans/visualweb1/docs/appbase-src.zip:/Applications/NetBeans/NetBeans 6.0 Beta 2.app/Contents/Resources/NetBeans/visualweb1/docs/dataprovider-src.zip:/Applications/NetBeans/NetBeans 6.0 Beta 2.app/Contents/Resources/NetBeans/visualweb1/docs/jsfcl-src.zip" />
    <property name="https.nonProxyHosts" value="localhost|127.0.0.1|nick-laiaconas-computer.local" />
    <property name="libs.junit.src" value="" />
    <property name="libs.jaxb21.maven-pom" value="" />
    <property name="ant.file" value="/Users/nicklaiacona/Documents/code/rdf-indexer/build.xml" />
    <property name="libs.theme-default.classpath" value="/Applications/NetBeans/NetBeans 6.0 Beta 2.app/Contents/Resources/NetBeans/visualweb1/modules/ext/defaulttheme.jar" />
    <property name="copyfiles.classpath" value="/Applications/NetBeans/NetBeans 6.0 Beta 2.app/Contents/Resources/NetBeans/enterprise4/ant/extra/copyfiles.jar" />
    <property name="libs.junit_4.src" value="" />
    <property name="netbeans.autoupdate.language" value="en" />
    <property name="do.jar" value="true" />
    <property name="java.io.tmpdir" value="/tmp" />
    <property name="build.test.results.dir" value="build/test/results" />
    <property name="user.language" value="en" />
    <property name="line.separator" value="
" />
    <property name="apple.laf.useScreenMenuBar" value="true" />
    <property name="libs.absolutelayout.src" value="" />
    <property name="javac.compilerargs" value="" />
    <property name="libs.webui.classpath" value="/Applications/NetBeans/NetBeans 6.0 Beta 2.app/Contents/Resources/NetBeans/visualweb1/modules/ext/webui.jar:/Applications/NetBeans/NetBeans 6.0 Beta 2.app/Contents/Resources/NetBeans/enterprise4/modules/ext/commons-fileupload-1.0.jar" />
    <property name="libs.woodstock-components.javadoc" value="/Applications/NetBeans/NetBeans 6.0 Beta 2.app/Contents/Resources/NetBeans/visualweb1/docs/webui-jsf-doc.zip:/Applications/NetBeans/NetBeans 6.0 Beta 2.app/Contents/Resources/NetBeans/visualweb1/docs/webui-jsf-tld.zip" />
    <property name="libs.jdbcsupport-runtime.src" value="" />
    <property name="jar.compress" value="false" />
    <property name="file.reference.sesame.jar" value="/Users/nicklaiacona/Documents/code/rdf-indexer/lib/sesame.jar" />
    <property name="libs.jdbcsupport-runtime.classpath" value="/Applications/NetBeans/NetBeans 6.0 Beta 2.app/Contents/Resources/NetBeans/visualweb1/modules/ext/sqlx.jar" />
    <property name="do.depend.true" value="true" />
    <property name="java.vm.info" value="mixed mode, sharing" />
    <property name="libs.javac-api.maven-pom" value="" />
    <property name="javadoc.private" value="false" />
    <property name="build.test.classes.dir" value="build/test/classes" />
    <property name="java.vm.specification.name" value="Java Virtual Machine Specification" />
    <property name="libs.theme-default-green.classpath" value="/Applications/NetBeans/NetBeans 6.0 Beta 2.app/Contents/Resources/NetBeans/visualweb1/modules/ext/defaulttheme-green.jar" />
    <property name="netbeans.dynamic.classpath" value="/Applications/NetBeans/NetBeans 6.0 Beta 2.app/Contents/Resources/NetBeans/platform7/core/core.jar:/Applications/NetBeans/NetBeans 6.0 Beta 2.app/Contents/Resources/NetBeans/platform7/core/org-openide-filesystems.jar:/Applications/NetBeans/NetBeans 6.0 Beta 2.app/Contents/Resources/NetBeans/nb6.0/core/org-netbeans-upgrader.jar:/Applications/NetBeans/NetBeans 6.0 Beta 2.app/Contents/Resources/NetBeans/nb6.0/core/locale/core_nb.jar" />
    <property name="libs.beans-binding.javadoc" value="/Applications/NetBeans/NetBeans 6.0 Beta 2.app/Contents/Resources/NetBeans/java1/docs/beansbinding-1.1-doc.zip" />
    <property name="libs.jdbcsupport-designtime.src" value="" />
    <property name="platform.active" value="default_platform" />
    <property name="http.nonProxyHosts" value="localhost|127.0.0.1|nick-laiaconas-computer.local" />
    <property name="libs.junit_4.javadoc" value="" />
    <property name="file.reference.commons-logging-api-1.0.4.jar" value="/Users/nicklaiacona/Documents/code/rdf-indexer/lib/commons-logging-api-1.0.4.jar" />
    <property name="netbeans.autoupdate.country" value="US" />
    <property name="libs.theme-default-gray.runtime" value="/Applications/NetBeans/NetBeans 6.0 Beta 2.app/Contents/Resources/NetBeans/visualweb1/modules/ext/defaulttheme-gray.jar" />
    <property name="libs.beans-binding.maven-pom" value="" />
    <property name="javadoc.encoding" value="UTF-8" />
    <property name="java.awt.printerjob" value="apple.awt.CPrinterJob" />
    <property name="libs.jsf12-support.classpath" value="/Applications/NetBeans/NetBeans 6.0 Beta 2.app/Contents/Resources/NetBeans/visualweb1/modules/ext/jsfcl.jar:/Applications/NetBeans/NetBeans 6.0 Beta 2.app/Contents/Resources/NetBeans/visualweb1/modules/ext/appbase.jar:/Applications/NetBeans/NetBeans 6.0 Beta 2.app/Contents/Resources/NetBeans/visualweb1/modules/ext/dataprovider.jar:/Applications/NetBeans/NetBeans 6.0 Beta 2.app/Contents/Resources/NetBeans/visualweb1/modules/ext/sqlx.jar" />
    <property name="dist.jar" value="dist/rdf-indexer.jar" />
    <property name="meta.inf.dir" value="src/META-INF" />
    <property name="file.reference.solr.war" value="/Users/nicklaiacona/Documents/code/rdf-indexer/lib/solr.war" />
    <property name="libs.struts.classpath" value="/Applications/NetBeans/NetBeans 6.0 Beta 2.app/Contents/Resources/NetBeans/enterprise4/modules/ext/struts/antlr.jar:/Applications/NetBeans/NetBeans 6.0 Beta 2.app/Contents/Resources/NetBeans/enterprise4/modules/ext/struts/commons-beanutils.jar:/Applications/NetBeans/NetBeans 6.0 Beta 2.app/Contents/Resources/NetBeans/enterprise4/modules/ext/struts/commons-digester.jar:/Applications/NetBeans/NetBeans 6.0 Beta 2.app/Contents/Resources/NetBeans/enterprise4/modules/ext/struts/commons-logging.jar:/Applications/NetBeans/NetBeans 6.0 Beta 2.app/Contents/Resources/NetBeans/enterprise4/modules/ext/struts/commons-validator.jar:/Applications/NetBeans/NetBeans 6.0 Beta 2.app/Contents/Resources/NetBeans/enterprise4/modules/ext/struts/jakarta-oro.jar:/Applications/NetBeans/NetBeans 6.0 Beta 2.app/Contents/Resources/NetBeans/enterprise4/modules/ext/struts/struts.jar:/Applications/NetBeans/NetBeans 6.0 Beta 2.app/Contents/Resources/NetBeans/enterprise4/modules/ext/commons-fileupload-1.0.jar" />
    <property name="ant.version" value="Apache Ant version 1.7.0 compiled on December 13 2006" />
    <property name="netbeans.home" value="/Applications/NetBeans/NetBeans 6.0 Beta 2.app/Contents/Resources/NetBeans/platform7" />
    <property name="javadoc.nonavbar" value="false" />
    <property name="user.properties.file" value="/Users/nicklaiacona/.netbeans/6.0beta2/build.properties" />
    <property name="file.reference.commons-httpclient-3.1-alpha1.jar" value="/Users/nicklaiacona/Documents/code/rdf-indexer/lib/commons-httpclient-3.1-alpha1.jar" />
    <property name="libs.toplink.classpath" value="/Applications/NetBeans/NetBeans 6.0 Beta 2.app/Contents/Resources/NetBeans/java1/modules/ext/toplink/toplink-essentials.jar:/Applications/NetBeans/NetBeans 6.0 Beta 2.app/Contents/Resources/NetBeans/java1/modules/ext/toplink/toplink-essentials-agent.jar" />
    <property name="netbeans.importclass" value="org.netbeans.upgrade.AutoUpgrade" />
    <property name="libs.jsf12.maven-pom" value="" />
    <property name="libs.exceptionhandler-runtime.classpath" value="/Applications/NetBeans/NetBeans 6.0 Beta 2.app/Contents/Resources/NetBeans/visualweb1/modules/ext/errorhandler.jar" />
    <property name="gopherProxySet" value="false" />
    <property name="libs.IdentityAntTasks.javadoc" value="" />
    <property name="libs.CopyLibs.maven-pom" value="" />
    <property name="build.generated.dir" value="build/generated" />
    <property name="netbeans.home+have.tests" value="true" />
    <property name="file.reference.xom-1.1.jar" value="/Users/nicklaiacona/Documents/code/rdf-indexer/lib/xom-1.1.jar" />
    <property name="apple.awt.graphics.UseQuartz" value="true" />
    <property name="os.name" value="Mac OS X" />
    <property name="java.specification.vendor" value="Sun Microsystems Inc." />
    <property name="run.test.classpath" value="/Users/nicklaiacona/Documents/code/rdf-indexer/lib/commons-codec-1.3.jar:/Users/nicklaiacona/Documents/code/rdf-indexer/lib/commons-httpclient-3.1-alpha1.jar:/Users/nicklaiacona/Documents/code/rdf-indexer/lib/commons-lang-2.1.jar:/Users/nicklaiacona/Documents/code/rdf-indexer/lib/commons-logging-api-1.0.4.jar:/Users/nicklaiacona/Documents/code/rdf-indexer/lib/concurrent-1.3.4.jar:/Users/nicklaiacona/Documents/code/rdf-indexer/lib/jakarta-oro-2.0.7.jar:/Users/nicklaiacona/Documents/code/rdf-indexer/lib/jdom.jar:/Users/nicklaiacona/Documents/code/rdf-indexer/lib/junit-3.8.1.jar:/Users/nicklaiacona/Documents/code/rdf-indexer/lib/log4j-1.2.8.jar:/Users/nicklaiacona/Documents/code/rdf-indexer/lib/openrdf-model.jar:/Users/nicklaiacona/Documents/code/rdf-indexer/lib/openrdf-util.jar:/Users/nicklaiacona/Documents/code/rdf-indexer/lib/rio.jar:/Users/nicklaiacona/Documents/code/rdf-indexer/lib/saxon8.jar:/Users/nicklaiacona/Documents/code/rdf-indexer/lib/sesame.jar:/Users/nicklaiacona/Documents/code/rdf-indexer/lib/solr.war:/Users/nicklaiacona/Documents/code/rdf-indexer/lib/xerces-2_6_2-apis.jar:/Users/nicklaiacona/Documents/code/rdf-indexer/lib/xerces-2_6_2.jar:/Users/nicklaiacona/Documents/code/rdf-indexer/lib/xmlrpc-2.0.jar:/Users/nicklaiacona/Documents/code/rdf-indexer/lib/xom-1.1.jar:build/classes:/Applications/NetBeans/NetBeans 6.0 Beta 2.app/Contents/Resources/NetBeans/java1/modules/ext/junit-3.8.2.jar:/Applications/NetBeans/NetBeans 6.0 Beta 2.app/Contents/Resources/NetBeans/java1/modules/ext/junit-4.1.jar:build/test/classes" />
    <property name="libs.webui-runtime.classpath" value="/Applications/NetBeans/NetBeans 6.0 Beta 2.app/Contents/Resources/NetBeans/visualweb1/modules/ext/webui.jar:/Applications/NetBeans/NetBeans 6.0 Beta 2.app/Contents/Resources/NetBeans/enterprise4/modules/ext/commons-fileupload-1.0.jar" />
    <property name="libs.CopyLibs.src" value="" />
    <property name="java.vm.name" value="Java HotSpot(TM) Client VM" />
    <property name="file.reference.rio.jar" value="/Users/nicklaiacona/Documents/code/rdf-indexer/lib/rio.jar" />
    <property name="libs.jaxb21.src" value="" />
    <property name="org.openide.version" value="deprecated" />
    <property name="mrj.version" value="1040.1.5.0_07-164" />
    <property name="libs.beans-binding.src" value="" />
    <property name="libs.junit.classpath" value="/Applications/NetBeans/NetBeans 6.0 Beta 2.app/Contents/Resources/NetBeans/java1/modules/ext/junit-3.8.2.jar" />
    <property name="java.library.path" value=".:/Library/Java/Extensions:/System/Library/Java/Extensions:/usr/lib/java" />
    <property name="libs.toplink.javadoc" value="/Applications/NetBeans/NetBeans 6.0 Beta 2.app/Contents/Resources/NetBeans/enterprise4/docs/javaee5-doc-api.zip" />
    <property name="libs.webui.javadoc" value="/Applications/NetBeans/NetBeans 6.0 Beta 2.app/Contents/Resources/NetBeans/visualweb1/docs/webui-doc.zip" />
    <property name="libs.jsfsupport-designtime.javadoc" value="/Applications/NetBeans/NetBeans 6.0 Beta 2.app/Contents/Resources/NetBeans/visualweb1/docs/appbase-doc.zip:/Applications/NetBeans/NetBeans 6.0 Beta 2.app/Contents/Resources/NetBeans/visualweb1/docs/dataprovider-doc.zip:/Applications/NetBeans/NetBeans 6.0 Beta 2.app/Contents/Resources/NetBeans/visualweb1/docs/jsfcl-doc.zip" />
    <property name="ant.java.version" value="1.5" />
    <property name="java.class.version" value="49.0" />
    <property name="basedir" value="/Users/nicklaiacona/Documents/code/rdf-indexer" />
    <property name="javadoc.noindex" value="false" />
    <property name="file.reference.commons-lang-2.1.jar" value="/Users/nicklaiacona/Documents/code/rdf-indexer/lib/commons-lang-2.1.jar" />
    <property name="sun.awt.exception.handler" value="org.netbeans.core.startup.TopLogging$AWTHandler" />
    <property name="javac.test.classpath" value="/Users/nicklaiacona/Documents/code/rdf-indexer/lib/commons-codec-1.3.jar:/Users/nicklaiacona/Documents/code/rdf-indexer/lib/commons-httpclient-3.1-alpha1.jar:/Users/nicklaiacona/Documents/code/rdf-indexer/lib/commons-lang-2.1.jar:/Users/nicklaiacona/Documents/code/rdf-indexer/lib/commons-logging-api-1.0.4.jar:/Users/nicklaiacona/Documents/code/rdf-indexer/lib/concurrent-1.3.4.jar:/Users/nicklaiacona/Documents/code/rdf-indexer/lib/jakarta-oro-2.0.7.jar:/Users/nicklaiacona/Documents/code/rdf-indexer/lib/jdom.jar:/Users/nicklaiacona/Documents/code/rdf-indexer/lib/junit-3.8.1.jar:/Users/nicklaiacona/Documents/code/rdf-indexer/lib/log4j-1.2.8.jar:/Users/nicklaiacona/Documents/code/rdf-indexer/lib/openrdf-model.jar:/Users/nicklaiacona/Documents/code/rdf-indexer/lib/openrdf-util.jar:/Users/nicklaiacona/Documents/code/rdf-indexer/lib/rio.jar:/Users/nicklaiacona/Documents/code/rdf-indexer/lib/saxon8.jar:/Users/nicklaiacona/Documents/code/rdf-indexer/lib/sesame.jar:/Users/nicklaiacona/Documents/code/rdf-indexer/lib/solr.war:/Users/nicklaiacona/Documents/code/rdf-indexer/lib/xerces-2_6_2-apis.jar:/Users/nicklaiacona/Documents/code/rdf-indexer/lib/xerces-2_6_2.jar:/Users/nicklaiacona/Documents/code/rdf-indexer/lib/xmlrpc-2.0.jar:/Users/nicklaiacona/Documents/code/rdf-indexer/lib/xom-1.1.jar:build/classes:/Applications/NetBeans/NetBeans 6.0 Beta 2.app/Contents/Resources/NetBeans/java1/modules/ext/junit-3.8.2.jar:/Applications/NetBeans/NetBeans 6.0 Beta 2.app/Contents/Resources/NetBeans/java1/modules/ext/junit-4.1.jar" />
    <property name="ant.home" value="/Applications/NetBeans/NetBeans 6.0 Beta 2.app/Contents/Resources/NetBeans/java1/ant" />
    <property name="javadoc.splitindex" value="true" />
    <property name="libs.toplink.src" value="" />
    <property name="libs.javac-api.javadoc" value="" />
    <property name="javadoc.preview" value="true" />
    <property name="rave.version" value="2.0.0" />
    <property name="ant.file.rdf-indexer-impl" value="/Users/nicklaiacona/Documents/code/rdf-indexer/nbproject/build-impl.xml" />
    <property name="libs.CopyLibs.javadoc" value="" />
    <property name="libs.junit_4.classpath" value="/Applications/NetBeans/NetBeans 6.0 Beta 2.app/Contents/Resources/NetBeans/java1/modules/ext/junit-4.1.jar" />
    <property name="libs.jdbcsupport-designtime.classpath" value="/Applications/NetBeans/NetBeans 6.0 Beta 2.app/Contents/Resources/NetBeans/visualweb1/modules/ext/sqlx.jar" />
    <property name="libs.jaxws21.maven-pom" value="" />
    <property name="sun.boot.library.path" value="/System/Library/Frameworks/JavaVM.framework/Versions/1.5.0/Libraries" />
    <property name="build.dir" value="build" />
    <property name="libs.webui-designtime.src" value="/Applications/NetBeans/NetBeans 6.0 Beta 2.app/Contents/Resources/NetBeans/visualweb1/docs/webui-src.zip" />
    <property name="application.title" value="rdf-indexer" />
    <property name="sun.management.compiler" value="HotSpot Client Compiler" />
    <property name="libs.swing-app-framework.classpath" value="/Applications/NetBeans/NetBeans 6.0 Beta 2.app/Contents/Resources/NetBeans/java1/modules/ext/appframework-1.0.2.jar:/Applications/NetBeans/NetBeans 6.0 Beta 2.app/Contents/Resources/NetBeans/java1/modules/ext/swing-worker-1.1.jar" />
    <property name="java.awt.graphicsenv" value="apple.awt.CGraphicsEnvironment" />
    <property name="javadoc.encoding.used" value="UTF-8" />
    <property name="javadoc.windowtitle" value="" />
    <property name="com.apple.mrj.application.apple.menu.about.name" value="NetBeans" />
    <property name="libs.jstl11.javadoc" value="/Applications/NetBeans/NetBeans 6.0 Beta 2.app/Contents/Resources/NetBeans/enterprise4/docs/javaee5-doc-api.zip" />
    <property name="run.jvmargs" value="" />
    <property name="libs.IdentityAntTasks.src" value="" />
    <property name="build.compiler.emacs" value="true" />
    <property name="libs.jstl11.src" value="" />
    <property name="ant.project.name" value="rdf-indexer" />
    <property name="libs.swing-layout.classpath" value="/Applications/NetBeans/NetBeans 6.0 Beta 2.app/Contents/Resources/NetBeans/platform7/modules/ext/swing-layout-1.0.3.jar" />
    <property name="libs.IdentityAntTasks.maven-pom" value="" />
    <property name="java.vm.specification.version" value="1.0" />
    <property name="work.dir" value="/Users/nicklaiacona/Documents/code/rdf-indexer" />
    <property name="awt.toolkit" value="apple.awt.CToolkit" />
    <property name="javadoc.use" value="true" />
    <property name="sun.cpu.isalist" value="" />
    <property name="libs.exceptionhandler-runtime.src" value="" />
    <property name="libs.jdbcsupport-runtime.javadoc" value="" />
    <property name="java.ext.dirs" value="/Library/Java/Extensions:/System/Library/Java/Extensions:/System/Library/Frameworks/JavaVM.framework/Versions/1.5.0/Home/lib/ext" />
    <property name="os.version" value="10.4.10" />
    <property name="libs.jstl11.classpath" value="/Applications/NetBeans/NetBeans 6.0 Beta 2.app/Contents/Resources/NetBeans/enterprise4/modules/ext/standard.jar:/Applications/NetBeans/NetBeans 6.0 Beta 2.app/Contents/Resources/NetBeans/enterprise4/modules/ext/jstl.jar" />
    <property name="excludes" value="" />
    <property name="user.home" value="/Users/nicklaiacona" />
    <property name="libs.jaxb21.classpath" value="/Applications/NetBeans/NetBeans 6.0 Beta 2.app/Contents/Resources/NetBeans/java1/modules/ext/jaxws21/activation.jar:/Applications/NetBeans/NetBeans 6.0 Beta 2.app/Contents/Resources/NetBeans/java1/modules/ext/jaxws21/api/jaxb-api.jar:/Applications/NetBeans/NetBeans 6.0 Beta 2.app/Contents/Resources/NetBeans/java1/modules/ext/jaxws21/jaxb-impl.jar:/Applications/NetBeans/NetBeans 6.0 Beta 2.app/Contents/Resources/NetBeans/java1/modules/ext/jaxws21/jaxb-xjc.jar:/Applications/NetBeans/NetBeans 6.0 Beta 2.app/Contents/Resources/NetBeans/java1/modules/ext/jaxws21/api/jsr173_api.jar" />
    <property name="org.xml.sax.driver" value="com.sun.org.apache.xerces.internal.parsers.SAXParser" />
    <property name="javax.xml.parsers.DocumentBuilderFactory" value="org.netbeans.core.startup.DOMFactoryImpl" />
    <property name="java.vm.vendor" value="&quot;Apple Computer, Inc.&quot;" />
    <property name="libs.struts.src" value="" />
    <property name="libs.absolutelayout.maven-pom" value="" />
    <property name="org.openide.TopManager.GUI" value="true" />
    <property name="user.dir" value="/Users/nicklaiacona/Documents/code/rdf-indexer" />
    <property name="libs.jsf12.javadoc" value="/Applications/NetBeans/NetBeans 6.0 Beta 2.app/Contents/Resources/NetBeans/enterprise4/docs/javaee5-doc-api.zip" />
    <property name="file.reference.log4j-1.2.8.jar" value="/Users/nicklaiacona/Documents/code/rdf-indexer/lib/log4j-1.2.8.jar" />
    <property name="application.args" value="rdf/ra_data  --offline" />
    <property name="sun.cpu.endian" value="little" />
    <property name="libs.woodstock-components.src" value="/Applications/NetBeans/NetBeans 6.0 Beta 2.app/Contents/Resources/NetBeans/visualweb1/docs/webui-jsf-src.zip" />
    <property name="file.reference.jdom.jar" value="/Users/nicklaiacona/Documents/code/rdf-indexer/lib/jdom.jar" />
    <property name="java.vm.version" value="1.5.0_07-87" />
    <property name="libs.webui-designtime.classpath" value="/Applications/NetBeans/NetBeans 6.0 Beta 2.app/Contents/Resources/NetBeans/visualweb1/modules/ext/webui.jar:/Applications/NetBeans/NetBeans 6.0 Beta 2.app/Contents/Resources/NetBeans/enterprise4/modules/ext/commons-fileupload-1.0.jar" />
    <property name="java.class.path" value="/Users/nicklaiacona/Documents/code/rdf-indexer/lib/commons-codec-1.3.jar:/Users/nicklaiacona/Documents/code/rdf-indexer/lib/commons-httpclient-3.1-alpha1.jar:/Users/nicklaiacona/Documents/code/rdf-indexer/lib/commons-lang-2.1.jar:/Users/nicklaiacona/Documents/code/rdf-indexer/lib/commons-logging-api-1.0.4.jar:/Users/nicklaiacona/Documents/code/rdf-indexer/lib/concurrent-1.3.4.jar:/Users/nicklaiacona/Documents/code/rdf-indexer/lib/jakarta-oro-2.0.7.jar:/Users/nicklaiacona/Documents/code/rdf-indexer/lib/jdom.jar:/Users/nicklaiacona/Documents/code/rdf-indexer/lib/junit-3.8.1.jar:/Users/nicklaiacona/Documents/code/rdf-indexer/lib/log4j-1.2.8.jar:/Users/nicklaiacona/Documents/code/rdf-indexer/lib/openrdf-model.jar:/Users/nicklaiacona/Documents/code/rdf-indexer/lib/openrdf-util.jar:/Users/nicklaiacona/Documents/code/rdf-indexer/lib/rio.jar:/Users/nicklaiacona/Documents/code/rdf-indexer/lib/saxon8.jar:/Users/nicklaiacona/Documents/code/rdf-indexer/lib/sesame.jar:/Users/nicklaiacona/Documents/code/rdf-indexer/lib/solr.war:/Users/nicklaiacona/Documents/code/rdf-indexer/lib/xerces-2_6_2-apis.jar:/Users/nicklaiacona/Documents/code/rdf-indexer/lib/xerces-2_6_2.jar:/Users/nicklaiacona/Documents/code/rdf-indexer/lib/xmlrpc-2.0.jar:/Users/nicklaiacona/Documents/code/rdf-indexer/lib/xom-1.1.jar:/Users/nicklaiacona/Documents/code/rdf-indexer/build/classes:/Applications/NetBeans/NetBeans 6.0 Beta 2.app/Contents/Resources/NetBeans/java1/modules/ext/junit-3.8.2.jar:/Applications/NetBeans/NetBeans 6.0 Beta 2.app/Contents/Resources/NetBeans/java1/modules/ext/junit-4.1.jar:/Users/nicklaiacona/Documents/code/rdf-indexer/build/test/classes:/Applications/NetBeans/NetBeans 6.0 Beta 2.app/Contents/Resources/NetBeans/java1/ant/lib/ant-launcher.jar:/Applications/NetBeans/NetBeans 6.0 Beta 2.app/Contents/Resources/NetBeans/java1/ant/lib/ant.jar:/Applications/NetBeans/NetBeans 6.0 Beta 2.app/Contents/Resources/NetBeans/java1/ant/lib/ant-junit.jar:/System/Library/Frameworks/JavaVM.framework/Versions/1.5.0/Classes/.compatibility/14compatibility.jar" />
    <property name="javax.xml.parsers.SAXParserFactory" value="org.netbeans.core.startup.SAXFactoryImpl" />
    <property name="os.arch" value="i386" />
    <property name="javac.deprecation" value="false" />
    <property name="libs.webui-designtime.javadoc" value="/Applications/NetBeans/NetBeans 6.0 Beta 2.app/Contents/Resources/NetBeans/visualweb1/docs/webui-doc.zip" />
    <property name="libs.woodstock-theme-default.runtime" value="/Applications/NetBeans/NetBeans 6.0 Beta 2.app/Contents/Resources/NetBeans/visualweb1/modules/ext/webui-jsf-suntheme.jar" />
    <property name="nbplatform.default.netbeans.dest.dir" value="/Applications/NetBeans/NetBeans 6.0 Beta 2.app/Contents/Resources/NetBeans" />
    <property name="build.classes.excludes" value="**/*.java,**/*.form" />
    <property name="libs.theme-default.runtime" value="/Applications/NetBeans/NetBeans 6.0 Beta 2.app/Contents/Resources/NetBeans/visualweb1/modules/ext/defaulttheme.jar" />
    <property name="dist.dir" value="dist" />
    <property name="netbeans.user" value="/Users/nicklaiacona/.netbeans/6.0beta2" />
    <property name="debug.classpath" value="/Users/nicklaiacona/Documents/code/rdf-indexer/lib/commons-codec-1.3.jar:/Users/nicklaiacona/Documents/code/rdf-indexer/lib/commons-httpclient-3.1-alpha1.jar:/Users/nicklaiacona/Documents/code/rdf-indexer/lib/commons-lang-2.1.jar:/Users/nicklaiacona/Documents/code/rdf-indexer/lib/commons-logging-api-1.0.4.jar:/Users/nicklaiacona/Documents/code/rdf-indexer/lib/concurrent-1.3.4.jar:/Users/nicklaiacona/Documents/code/rdf-indexer/lib/jakarta-oro-2.0.7.jar:/Users/nicklaiacona/Documents/code/rdf-indexer/lib/jdom.jar:/Users/nicklaiacona/Documents/code/rdf-indexer/lib/junit-3.8.1.jar:/Users/nicklaiacona/Documents/code/rdf-indexer/lib/log4j-1.2.8.jar:/Users/nicklaiacona/Documents/code/rdf-indexer/lib/openrdf-model.jar:/Users/nicklaiacona/Documents/code/rdf-indexer/lib/openrdf-util.jar:/Users/nicklaiacona/Documents/code/rdf-indexer/lib/rio.jar:/Users/nicklaiacona/Documents/code/rdf-indexer/lib/saxon8.jar:/Users/nicklaiacona/Documents/code/rdf-indexer/lib/sesame.jar:/Users/nicklaiacona/Documents/code/rdf-indexer/lib/solr.war:/Users/nicklaiacona/Documents/code/rdf-indexer/lib/xerces-2_6_2-apis.jar:/Users/nicklaiacona/Documents/code/rdf-indexer/lib/xerces-2_6_2.jar:/Users/nicklaiacona/Documents/code/rdf-indexer/lib/xmlrpc-2.0.jar:/Users/nicklaiacona/Documents/code/rdf-indexer/lib/xom-1.1.jar:build/classes" />
    <property name="file.reference.commons-codec-1.3.jar" value="/Users/nicklaiacona/Documents/code/rdf-indexer/lib/commons-codec-1.3.jar" />
    <property name="ant.core.lib" value="/Applications/NetBeans/NetBeans 6.0 Beta 2.app/Contents/Resources/NetBeans/java1/ant/lib/ant.jar" />
    <property name="java.vm.specification.vendor" value="Sun Microsystems Inc." />
    <property name="do.depend" value="true" />
    <property name="file.separator" value="/" />
    <property name="libs.jdbcsupport-runtime.maven-pom" value="" />
    <property name="java.runtime.version" value="1.5.0_07-164" />
    <property name="sun.boot.class.path" value="/System/Library/Frameworks/JavaVM.framework/Versions/1.5.0/Classes/classes.jar:/System/Library/Frameworks/JavaVM.framework/Versions/1.5.0/Classes/ui.jar:/System/Library/Frameworks/JavaVM.framework/Versions/1.5.0/Classes/laf.jar:/System/Library/Frameworks/JavaVM.framework/Versions/1.5.0/Classes/sunrsasign.jar:/System/Library/Frameworks/JavaVM.framework/Versions/1.5.0/Classes/jsse.jar:/System/Library/Frameworks/JavaVM.framework/Versions/1.5.0/Classes/jce.jar:/System/Library/Frameworks/JavaVM.framework/Versions/1.5.0/Classes/charsets.jar" />
    <property name="debug.test.classpath" value="/Users/nicklaiacona/Documents/code/rdf-indexer/lib/commons-codec-1.3.jar:/Users/nicklaiacona/Documents/code/rdf-indexer/lib/commons-httpclient-3.1-alpha1.jar:/Users/nicklaiacona/Documents/code/rdf-indexer/lib/commons-lang-2.1.jar:/Users/nicklaiacona/Documents/code/rdf-indexer/lib/commons-logging-api-1.0.4.jar:/Users/nicklaiacona/Documents/code/rdf-indexer/lib/concurrent-1.3.4.jar:/Users/nicklaiacona/Documents/code/rdf-indexer/lib/jakarta-oro-2.0.7.jar:/Users/nicklaiacona/Documents/code/rdf-indexer/lib/jdom.jar:/Users/nicklaiacona/Documents/code/rdf-indexer/lib/junit-3.8.1.jar:/Users/nicklaiacona/Documents/code/rdf-indexer/lib/log4j-1.2.8.jar:/Users/nicklaiacona/Documents/code/rdf-indexer/lib/openrdf-model.jar:/Users/nicklaiacona/Documents/code/rdf-indexer/lib/openrdf-util.jar:/Users/nicklaiacona/Documents/code/rdf-indexer/lib/rio.jar:/Users/nicklaiacona/Documents/code/rdf-indexer/lib/saxon8.jar:/Users/nicklaiacona/Documents/code/rdf-indexer/lib/sesame.jar:/Users/nicklaiacona/Documents/code/rdf-indexer/lib/solr.war:/Users/nicklaiacona/Documents/code/rdf-indexer/lib/xerces-2_6_2-apis.jar:/Users/nicklaiacona/Documents/code/rdf-indexer/lib/xerces-2_6_2.jar:/Users/nicklaiacona/Documents/code/rdf-indexer/lib/xmlrpc-2.0.jar:/Users/nicklaiacona/Documents/code/rdf-indexer/lib/xom-1.1.jar:build/classes:/Applications/NetBeans/NetBeans 6.0 Beta 2.app/Contents/Resources/NetBeans/java1/modules/ext/junit-3.8.2.jar:/Applications/NetBeans/NetBeans 6.0 Beta 2.app/Contents/Resources/NetBeans/java1/modules/ext/junit-4.1.jar:build/test/classes" />
    <property name="libs.theme-default-gray.classpath" value="/Applications/NetBeans/NetBeans 6.0 Beta 2.app/Contents/Resources/NetBeans/visualweb1/modules/ext/defaulttheme-gray.jar" />
    <property name="libs.beans-binding.classpath" value="/Applications/NetBeans/NetBeans 6.0 Beta 2.app/Contents/Resources/NetBeans/java1/modules/ext/beansbinding-1.1.jar" />
    <property name="main.class" value="org.nines.RDFIndexer" />
    <property name="have.tests" value="true" />
    <property name="java.util.logging.config.class" value="org.netbeans.core.startup.TopLogging" />
    <property name="libs.javac-api.classpath" value="/Applications/NetBeans/NetBeans 6.0 Beta 2.app/Contents/Resources/NetBeans/java1/modules/ext/javac-api.jar" />
    <property name="user.country" value="US" />
    <property name="javadoc.notree" value="false" />
    <property name="libs.jsfsupport-designtime.classpath" value="/Applications/NetBeans/NetBeans 6.0 Beta 2.app/Contents/Resources/NetBeans/visualweb1/modules/ext/jsfcl.jar:/Applications/NetBeans/NetBeans 6.0 Beta 2.app/Contents/Resources/NetBeans/visualweb1/modules/ext/appbase.jar:/Applications/NetBeans/NetBeans 6.0 Beta 2.app/Contents/Resources/NetBeans/visualweb1/modules/ext/dataprovider.jar:/Applications/NetBeans/NetBeans 6.0 Beta 2.app/Contents/Resources/NetBeans/visualweb1/modules/ext/sqlx.jar" />
    <property name="libs.struts.javadoc" value="/Applications/NetBeans/NetBeans 6.0 Beta 2.app/Contents/Resources/NetBeans/enterprise4/docs/struts-1.2.9-javadoc.zip" />
    <property name="libs.jaxws21.javadoc" value="" />
    <property name="libs.jsf12.classpath" value="/Applications/NetBeans/NetBeans 6.0 Beta 2.app/Contents/Resources/NetBeans/enterprise4/modules/ext/jsf-1_2/commons-beanutils.jar:/Applications/NetBeans/NetBeans 6.0 Beta 2.app/Contents/Resources/NetBeans/enterprise4/modules/ext/jsf-1_2/commons-collections.jar:/Applications/NetBeans/NetBeans 6.0 Beta 2.app/Contents/Resources/NetBeans/enterprise4/modules/ext/jsf-1_2/commons-digester.jar:/Applications/NetBeans/NetBeans 6.0 Beta 2.app/Contents/Resources/NetBeans/enterprise4/modules/ext/jsf-1_2/commons-logging.jar:/Applications/NetBeans/NetBeans 6.0 Beta 2.app/Contents/Resources/NetBeans/enterprise4/modules/ext/jsf-1_2/jsf-api.jar:/Applications/NetBeans/NetBeans 6.0 Beta 2.app/Contents/Resources/NetBeans/enterprise4/modules/ext/jsf-1_2/jsf-impl.jar" />
    <property name="default.javac.target" value="1.5" />
    <property name="javac.classpath" value="/Users/nicklaiacona/Documents/code/rdf-indexer/lib/commons-codec-1.3.jar:/Users/nicklaiacona/Documents/code/rdf-indexer/lib/commons-httpclient-3.1-alpha1.jar:/Users/nicklaiacona/Documents/code/rdf-indexer/lib/commons-lang-2.1.jar:/Users/nicklaiacona/Documents/code/rdf-indexer/lib/commons-logging-api-1.0.4.jar:/Users/nicklaiacona/Documents/code/rdf-indexer/lib/concurrent-1.3.4.jar:/Users/nicklaiacona/Documents/code/rdf-indexer/lib/jakarta-oro-2.0.7.jar:/Users/nicklaiacona/Documents/code/rdf-indexer/lib/jdom.jar:/Users/nicklaiacona/Documents/code/rdf-indexer/lib/junit-3.8.1.jar:/Users/nicklaiacona/Documents/code/rdf-indexer/lib/log4j-1.2.8.jar:/Users/nicklaiacona/Documents/code/rdf-indexer/lib/openrdf-model.jar:/Users/nicklaiacona/Documents/code/rdf-indexer/lib/openrdf-util.jar:/Users/nicklaiacona/Documents/code/rdf-indexer/lib/rio.jar:/Users/nicklaiacona/Documents/code/rdf-indexer/lib/saxon8.jar:/Users/nicklaiacona/Documents/code/rdf-indexer/lib/sesame.jar:/Users/nicklaiacona/Documents/code/rdf-indexer/lib/solr.war:/Users/nicklaiacona/Documents/code/rdf-indexer/lib/xerces-2_6_2-apis.jar:/Users/nicklaiacona/Documents/code/rdf-indexer/lib/xerces-2_6_2.jar:/Users/nicklaiacona/Documents/code/rdf-indexer/lib/xmlrpc-2.0.jar:/Users/nicklaiacona/Documents/code/rdf-indexer/lib/xom-1.1.jar" />
    <property name="javadoc.additionalparam" value="" />
    <property name="build.classes.dir" value="build/classes" />
    <property name="libs.swing-layout.src" value="/Applications/NetBeans/NetBeans 6.0 Beta 2.app/Contents/Resources/NetBeans/platform7/docs/swing-layout-1.0.3-src.zip" />
    <property name="libs.swing-layout.javadoc" value="/Applications/NetBeans/NetBeans 6.0 Beta 2.app/Contents/Resources/NetBeans/platform7/docs/swing-layout-1.0.3-doc.zip" />
    <property name="java.vendor" value="Apple Computer, Inc." />
    <property name="javac.target" value="1.5" />
    <property name="libs.theme-default-green.runtime" value="/Applications/NetBeans/NetBeans 6.0 Beta 2.app/Contents/Resources/NetBeans/visualweb1/modules/ext/defaulttheme-green.jar" />
    <property name="awt.nativeDoubleBuffering" value="true" />
    <property name="libs.swing-app-framework.src" value="" />
    <property name="java.specification.version" value="1.5" />
    <property name="libs.struts.maven-pom" value="" />
    <property name="sun.arch.data.model" value="32" />
  </properties>
  <testcase classname="org.nines.NinesStatementHandlerTest" name="testAddField" time="0.057" />
  <testcase classname="org.nines.NinesStatementHandlerTest" name="testYearParsing" time="0.0020" />
  <testcase classname="org.nines.NinesStatementHandlerTest" name="testUnknownYears" time="0.0010" />
  <system-out><![CDATA[]]></system-out>
  <system-err><![CDATA[]]></system-err>
</testsuite>
